-- Found ament_cmake: 2.5.4 (/opt/ros/jazzy/share/ament_cmake/cmake)
-- Override CMake install command with custom implementation using symlinks instead of copying resources
-- Configuring done (0.3s)
-- Generating done (0.0s)
-- Build files have been written to: /home/georgeet15/titan_ws/build/titan_v1
-- Install configuration: ""
-- Execute custom install script
-- Symlinking: /home/georgeet15/titan_ws/install/titan_v1/share/titan_v1/launch/titan_v1.launch.py
-- Symlinking: /home/georgeet15/titan_ws/install/titan_v1/share/titan_v1/model/titan_v1.xacro
-- Symlinking: /home/georgeet15/titan_ws/install/titan_v1/share/titan_v1/config/gz_bridge.yaml
-- Symlinking: /home/georgeet15/titan_ws/install/titan_v1/share/ament_index/resource_index/package_run_dependencies/titan_v1
-- Symlinking: /home/georgeet15/titan_ws/install/titan_v1/share/ament_index/resource_index/parent_prefix_path/titan_v1
-- Symlinking: /home/georgeet15/titan_ws/install/titan_v1/share/titan_v1/environment/ament_prefix_path.sh
-- Symlinking: /home/georgeet15/titan_ws/install/titan_v1/share/titan_v1/environment/ament_prefix_path.dsv
-- Symlinking: /home/georgeet15/titan_ws/install/titan_v1/share/titan_v1/environment/path.sh
-- Symlinking: /home/georgeet15/titan_ws/install/titan_v1/share/titan_v1/environment/path.dsv
-- Symlinking: /home/georgeet15/titan_ws/install/titan_v1/share/titan_v1/local_setup.bash
-- Symlinking: /home/georgeet15/titan_ws/install/titan_v1/share/titan_v1/local_setup.sh
-- Symlinking: /home/georgeet15/titan_ws/install/titan_v1/share/titan_v1/local_setup.zsh
-- Symlinking: /home/georgeet15/titan_ws/install/titan_v1/share/titan_v1/local_setup.dsv
-- Symlinking: /home/georgeet15/titan_ws/install/titan_v1/share/titan_v1/package.dsv
-- Symlinking: /home/georgeet15/titan_ws/install/titan_v1/share/ament_index/resource_index/packages/titan_v1
-- Symlinking: /home/georgeet15/titan_ws/install/titan_v1/share/titan_v1/cmake/titan_v1Config.cmake
-- Symlinking: /home/georgeet15/titan_ws/install/titan_v1/share/titan_v1/cmake/titan_v1Config-version.cmake
-- Symlinking: /home/georgeet15/titan_ws/install/titan_v1/share/titan_v1/package.xml
