[0.013s] Invoking command in '/home/georgeet15/titan_ws/build/titan_v1': CMAKE_PREFIX_PATH=${CMAKE_PREFIX_PATH}:/opt/ros/jazzy DEBUGINFOD_URLS=https://debuginfod.ubuntu.com /usr/bin/cmake /home/georgeet15/titan_ws/src/titan_v1 -DCMAKE_INSTALL_PREFIX=/home/georgeet15/titan_ws/install/titan_v1
[0.074s] -- Found ament_cmake: 2.5.4 (/opt/ros/jazzy/share/ament_cmake/cmake)
[0.279s] -- Override CMake install command with custom implementation using symlinks instead of copying resources
[0.385s] -- Configuring done (0.3s)
[0.393s] -- Generating done (0.0s)
[0.395s] -- Build files have been written to: /home/georgeet15/titan_ws/build/titan_v1
[0.399s] Invoked command in '/home/georgeet15/titan_ws/build/titan_v1' returned '0': CMAKE_PREFIX_PATH=${CMAKE_PREFIX_PATH}:/opt/ros/jazzy DEBUGINFOD_URLS=https://debuginfod.ubuntu.com /usr/bin/cmake /home/georgeet15/titan_ws/src/titan_v1 -DCMAKE_INSTALL_PREFIX=/home/georgeet15/titan_ws/install/titan_v1
[0.401s] Invoking command in '/home/georgeet15/titan_ws/build/titan_v1': CMAKE_PREFIX_PATH=${CMAKE_PREFIX_PATH}:/opt/ros/jazzy DEBUGINFOD_URLS=https://debuginfod.ubuntu.com /usr/bin/cmake --build /home/georgeet15/titan_ws/build/titan_v1 -- -j16 -l16
[0.447s] Invoked command in '/home/georgeet15/titan_ws/build/titan_v1' returned '0': CMAKE_PREFIX_PATH=${CMAKE_PREFIX_PATH}:/opt/ros/jazzy DEBUGINFOD_URLS=https://debuginfod.ubuntu.com /usr/bin/cmake --build /home/georgeet15/titan_ws/build/titan_v1 -- -j16 -l16
[0.458s] Invoking command in '/home/georgeet15/titan_ws/build/titan_v1': CMAKE_PREFIX_PATH=${CMAKE_PREFIX_PATH}:/opt/ros/jazzy DEBUGINFOD_URLS=https://debuginfod.ubuntu.com /usr/bin/cmake --install /home/georgeet15/titan_ws/build/titan_v1
[0.467s] -- Install configuration: ""
[0.467s] -- Execute custom install script
[0.468s] -- Up-to-date symlink: /home/georgeet15/titan_ws/install/titan_v1/share/titan_v1/launch/titan_v1.launch.py
[0.468s] -- Up-to-date symlink: /home/georgeet15/titan_ws/install/titan_v1/share/titan_v1/model/titan_v1.xacro
[0.468s] -- Up-to-date symlink: /home/georgeet15/titan_ws/install/titan_v1/share/titan_v1/config/gz_bridge.yaml
[0.469s] -- Up-to-date symlink: /home/georgeet15/titan_ws/install/titan_v1/share/ament_index/resource_index/package_run_dependencies/titan_v1
[0.469s] -- Up-to-date symlink: /home/georgeet15/titan_ws/install/titan_v1/share/ament_index/resource_index/parent_prefix_path/titan_v1
[0.469s] -- Up-to-date symlink: /home/georgeet15/titan_ws/install/titan_v1/share/titan_v1/environment/ament_prefix_path.sh
[0.469s] -- Up-to-date symlink: /home/georgeet15/titan_ws/install/titan_v1/share/titan_v1/environment/ament_prefix_path.dsv
[0.469s] -- Up-to-date symlink: /home/georgeet15/titan_ws/install/titan_v1/share/titan_v1/environment/path.sh
[0.469s] -- Up-to-date symlink: /home/georgeet15/titan_ws/install/titan_v1/share/titan_v1/environment/path.dsv
[0.469s] -- Up-to-date symlink: /home/georgeet15/titan_ws/install/titan_v1/share/titan_v1/local_setup.bash
[0.469s] -- Up-to-date symlink: /home/georgeet15/titan_ws/install/titan_v1/share/titan_v1/local_setup.sh
[0.470s] -- Up-to-date symlink: /home/georgeet15/titan_ws/install/titan_v1/share/titan_v1/local_setup.zsh
[0.470s] -- Up-to-date symlink: /home/georgeet15/titan_ws/install/titan_v1/share/titan_v1/local_setup.dsv
[0.470s] -- Symlinking: /home/georgeet15/titan_ws/install/titan_v1/share/titan_v1/package.dsv
[0.481s] -- Up-to-date symlink: /home/georgeet15/titan_ws/install/titan_v1/share/ament_index/resource_index/packages/titan_v1
[0.481s] -- Up-to-date symlink: /home/georgeet15/titan_ws/install/titan_v1/share/titan_v1/cmake/titan_v1Config.cmake
[0.481s] -- Up-to-date symlink: /home/georgeet15/titan_ws/install/titan_v1/share/titan_v1/cmake/titan_v1Config-version.cmake
[0.481s] -- Up-to-date symlink: /home/georgeet15/titan_ws/install/titan_v1/share/titan_v1/package.xml
[0.483s] Invoked command in '/home/georgeet15/titan_ws/build/titan_v1' returned '0': CMAKE_PREFIX_PATH=${CMAKE_PREFIX_PATH}:/opt/ros/jazzy DEBUGINFOD_URLS=https://debuginfod.ubuntu.com /usr/bin/cmake --install /home/georgeet15/titan_ws/build/titan_v1
